


ARM Macro Assembler    Page 1 


    1 00000000         ;/*
    2 00000000         ; * @brief LPC8Nxx startup code for Keil (Cortex-M0+)
    3 00000000         ; *
    4 00000000         ; * @note
    5 00000000         ; * Copyright(C) NXP Semiconductors, 2018
    6 00000000         ; * All rights reserved.
    7 00000000         ; *
    8 00000000         ; * @par
    9 00000000         ; * Software that is described herein is for illustrativ
                       e purposes only
   10 00000000         ; * which provides customers with programming informatio
                       n regarding the
   11 00000000         ; * LPC products.  This software is supplied "AS IS" wit
                       hout any warranties of
   12 00000000         ; * any kind, and NXP Semiconductors and its licensor di
                       sclaim any and
   13 00000000         ; * all warranties, express or implied, including all im
                       plied warranties of
   14 00000000         ; * merchantability, fitness for a particular purpose an
                       d non-infringement of
   15 00000000         ; * intellectual property rights.  NXP Semiconductors as
                       sumes no responsibility
   16 00000000         ; * or liability for the use of the software, conveys no
                        license or rights under any
   17 00000000         ; * patent, copyright, mask work right, or any other int
                       ellectual property rights in
   18 00000000         ; * or to any products. NXP Semiconductors reserves the 
                       right to make changes
   19 00000000         ; * in the software without notification. NXP Semiconduc
                       tors also makes no
   20 00000000         ; * representation or warranty that such application wil
                       l be suitable for the
   21 00000000         ; * specified use without further testing or modificatio
                       n.
   22 00000000         ; *
   23 00000000         ; * @par
   24 00000000         ; * Permission to use, copy, modify, and distribute this
                        software and its
   25 00000000         ; * documentation is hereby granted, under NXP Semicondu
                       ctors' and its
   26 00000000         ; * licensor's relevant copyrights in the software, with
                       out fee, provided that it
   27 00000000         ; * is used in conjunction with NXP Semiconductors micro
                       controllers.  This
   28 00000000         ; * copyright, permission, and disclaimer notice must ap
                       pear in all copies of
   29 00000000         ; * this code.
   30 00000000         ; */
   31 00000000         
   32 00000000         ; <h> Stack Configuration
   33 00000000         ;   <o> Stack Size (in Bytes) <0x0-0xFFFFFFFF:8>
   34 00000000         ; </h>
   35 00000000         
   36 00000000 00000200 
                       Stack_Size
                               EQU              0x00000200
   37 00000000         
   38 00000000                 AREA             STACK, NOINIT, READWRITE, ALIGN
=3



ARM Macro Assembler    Page 2 


   39 00000000         Stack_Mem
                               SPACE            Stack_Size
   40 00000200         __initial_sp
   41 00000200         
   42 00000200         
   43 00000200         ; <h> Heap Configuration
   44 00000200         ;   <o>  Heap Size (in Bytes) <0x0-0xFFFFFFFF:8>
   45 00000200         ; </h>
   46 00000200         
   47 00000200 00000100 
                       Heap_Size
                               EQU              0x00000100
   48 00000200         
   49 00000200                 AREA             HEAP, NOINIT, READWRITE, ALIGN=
3
   50 00000000         __heap_base
   51 00000000         Heap_Mem
                               SPACE            Heap_Size
   52 00000100         __heap_limit
   53 00000100         
   54 00000100                 PRESERVE8
   55 00000100                 THUMB
   56 00000100         
   57 00000100         ; Vector Table Mapped to Address 0 at Reset
   58 00000100                 AREA             RESET, DATA, READONLY
   59 00000000                 EXPORT           __Vectors
   60 00000000         
   61 00000000 00000000 
                       __Vectors
                               DCD              __initial_sp ; Top of Stack
   62 00000004 00000000        DCD              Reset_Handler ; Reset Handler
   63 00000008         
   64 00000008 00000000        DCD              NMI_Handler
   65 0000000C 00000000        DCD              HardFault_Handler
   66 00000010 00000000        DCD              MemManage_Handler
   67 00000014 00000000        DCD              BusFault_Handler
   68 00000018 00000000        DCD              UsageFault_Handler
   69 0000001C         __vector_table_0x1c
   70 0000001C 00000000        DCD              0           ; Checksum of the f
                                                            irst 7 words
   71 00000020 00000000        DCD              0
   72 00000024 00000000        DCD              0           ; Enhanced image ma
                                                            rker, set to 0x0 fo
                                                            r legacy boot
   73 00000028 00000000        DCD              0           ; Pointer to enhanc
                                                            ed boot block, set 
                                                            to 0x0 for legacy b
                                                            oot
   74 0000002C 00000000        DCD              SVC_Handler
   75 00000030 00000000        DCD              DebugMon_Handler
   76 00000034 00000000        DCD              0
   77 00000038 00000000        DCD              PendSV_Handler
   78 0000003C 00000000        DCD              SysTick_Handler
   79 00000040         
   80 00000040         ; External Interrupts
   81 00000040 00000000        DCD              PIO0_0_IRQHandler ; PIO INT0
   82 00000044 00000000        DCD              PIO0_1_IRQHandler ; PIO INT1
   83 00000048 00000000        DCD              PIO0_2_IRQHandler ; PIO INT2
   84 0000004C 00000000        DCD              PIO0_3_IRQHandler ; PIO INT3



ARM Macro Assembler    Page 3 


   85 00000050 00000000        DCD              PIO0_4_IRQHandler ; PIO INT4
   86 00000054 00000000        DCD              PIO0_5_IRQHandler ; PIO INT5
   87 00000058 00000000        DCD              PIO0_6_IRQHandler ; PIO INT6
   88 0000005C 00000000        DCD              PIO0_7_IRQHandler ; PIO INT7
   89 00000060 00000000        DCD              PIO0_8_IRQHandler ; PIO INT8
   90 00000064 00000000        DCD              PIO0_9_IRQHandler ; PIO INT9
   91 00000068 00000000        DCD              PIO0_10_IRQHandler ; PIO INT10
   92 0000006C 00000000        DCD              RFFIELD_IRQHandler ; CT32B1
   93 00000070 00000000        DCD              RTCPWREQ_IRQHandler ; Smart Cou
                                                            nter Timer
   94 00000074 00000000        DCD              NFC_IRQHandler ; CT32B3
   95 00000078 00000000        DCD              RTC_IRQHandler ; FLEXCOMM0
   96 0000007C 00000000        DCD              I2C0_IRQHandler ; FLEXCOMM1
   97 00000080 00000000        DCD              CT16B0_IRQHandler ; FLEXCOMM2
   98 00000084 00000000        DCD              PMUFLD_IRQHandler ; FLEXCOMM3
   99 00000088 00000000        DCD              CT32B0_IRQHandler ; FLEXCOMM4
  100 0000008C 00000000        DCD              PMUBOD_IRQHandler ; FLEXCOMM5
  101 00000090 00000000        DCD              SSP0_IRQHandler ; FLEXCOMM6
  102 00000094 00000000        DCD              TSEN_IRQHandler ; FLEXCOMM7
  103 00000098 00000000        DCD              C2D_IRQHandler ; ADC0 A sequenc
                                                            e (A/D Converter) i
                                                            nterrupt
  104 0000009C 00000000        DCD              0           ; ADC0 B sequence (
                                                            A/D Converter) inte
                                                            rrupt
  105 000000A0 00000000        DCD              I2D_IRQHandler ; ADC THCMP and 
                                                            OVERRUN ORed
  106 000000A4 00000000        DCD              ADC_IRQHandler ; Digital MIC
  107 000000A8 00000000        DCD              WDT_IRQHandler ; Voice Activity
                                                             detect
  108 000000AC 00000000        DCD              FLASH_IRQHandler ; USB NeedCLK
  109 000000B0 00000000        DCD              EEPROM_IRQHandler ; USB
  110 000000B4 00000000        DCD              0           ; RTC Timer
  111 000000B8 00000000        DCD              0           ; IOH Handler
  112 000000BC 00000000        DCD              PIO0_IRQHandler ; Mailbox
  113 000000C0         
  114 000000C0         ;//   <h> Code Read Protection level (CRP)
  115 000000C0         ;//     <o>    CRP_Level:
  116 000000C0         ;//                     <0xFFFFFFFF=> Disabled
  117 000000C0         ;//                     <0x4E697370=> NO_ISP
  118 000000C0         ;//                     <0x12345678=> CRP1
  119 000000C0         ;//                     <0x87654321=> CRP2
  120 000000C0         ;//                     <0x43218765=> CRP3 (Are you sure
                       ?)
  121 000000C0         ;//   </h>
  122 000000C0 FFFFFFFF 
                       CRP_Level
                               EQU              0xFFFFFFFF
  123 000000C0         
  124 000000C0                 IF               :LNOT::DEF:NO_CRP
  127                          ENDIF
  128 000000C0         
  129 000000C0                 AREA             |.text|, CODE, READONLY
  130 00000000         
  131 00000000         
  132 00000000         ; Reset Handler - shared for both cores
  133 00000000         Reset_Handler
                               PROC
  134 00000000                 EXPORT           Reset_Handler               [WE



ARM Macro Assembler    Page 4 


AK]
  135 00000000                 EXPORT           SystemInit                  [WE
AK]
  136 00000000                 IMPORT           __main
  137 00000000         
  138 00000000 480A            LDR              r0, =SystemInit
  139 00000002 4780            BLX              r0
  140 00000004 480A            LDR              r0, =__main
  141 00000006 4700            BX               r0
  142 00000008                 ENDP
  143 00000008         
  144 00000008         ; For cores with SystemInit() or __main(), the code will
                        sleep the MCU
  145 00000008         SystemInit
                               PROC
  146 00000008                 EXPORT           SystemInit                [WEAK
]
  147 00000008 4770            BX               lr
  148 0000000A                 ENDP
  149 0000000A         
  150 0000000A         ; Dummy Exception Handlers (infinite loops which can be 
                       modified)
  151 0000000A         NMI_Handler
                               PROC
  152 0000000A                 EXPORT           NMI_Handler               [WEAK
]
  153 0000000A E7FE            B                .
  154 0000000C                 ENDP
  155 0000000C         
  157 0000000C         HardFault_Handler
                               PROC
  158 0000000C                 EXPORT           HardFault_Handler         [WEAK
]
  159 0000000C E7FE            B                .
  160 0000000E                 ENDP
  161 0000000E         
  162 0000000E         MemManage_Handler
                               PROC
  163 0000000E                 EXPORT           MemManage_Handler         [WEAK
]
  164 0000000E E7FE            B                .
  165 00000010                 ENDP
  166 00000010         
  167 00000010         BusFault_Handler
                               PROC
  168 00000010                 EXPORT           BusFault_Handler          [WEAK
]
  169 00000010 E7FE            B                .
  170 00000012                 ENDP
  171 00000012         
  172 00000012         UsageFault_Handler
                               PROC
  173 00000012                 EXPORT           UsageFault_Handler        [WEAK
]
  174 00000012 E7FE            B                .
  175 00000014                 ENDP
  176 00000014         
  177 00000014         SVC_Handler
                               PROC



ARM Macro Assembler    Page 5 


  178 00000014                 EXPORT           SVC_Handler               [WEAK
]
  179 00000014 E7FE            B                .
  180 00000016                 ENDP
  181 00000016         
  182 00000016         DebugMon_Handler
                               PROC
  183 00000016                 EXPORT           DebugMon_Handler          [WEAK
]
  184 00000016 E7FE            B                .
  185 00000018                 ENDP
  186 00000018         
  187 00000018         PendSV_Handler
                               PROC
  188 00000018                 EXPORT           PendSV_Handler            [WEAK
]
  189 00000018 E7FE            B                .
  190 0000001A                 ENDP
  191 0000001A         
  192 0000001A         SysTick_Handler
                               PROC
  193 0000001A                 EXPORT           SysTick_Handler           [WEAK
]
  194 0000001A E7FE            B                .
  195 0000001C                 ENDP
  196 0000001C         
  197 0000001C         Default_Handler
                               PROC
  198 0000001C                 EXPORT           PIO0_0_IRQHandler        [WEAK]
 
                                                            ; Watchdog Ored wit
                                                            h BOD
  199 0000001C                 EXPORT           PIO0_1_IRQHandler            [W
EAK] 
                                                            ; DMA Controller
  200 0000001C                 EXPORT           PIO0_2_IRQHandler          [WEA
K] 
                                                            ; GPIO Group0 Inter
                                                            rupt
  201 0000001C                 EXPORT           PIO0_3_IRQHandler          [WEA
K] 
                                                            ; GPIO Group1 Inter
                                                            rupt
  202 0000001C                 EXPORT           PIO0_4_IRQHandler       [WEAK] 
                                                            ; PIO INT0
  203 0000001C                 EXPORT           PIO0_5_IRQHandler       [WEAK] 
                                                            ; PIO INT1
  204 0000001C                 EXPORT           PIO0_6_IRQHandler       [WEAK] 
                                                            ; PIO INT2
  205 0000001C                 EXPORT           PIO0_7_IRQHandler       [WEAK] 
                                                            ; PIO INT3
  206 0000001C                 EXPORT           PIO0_8_IRQHandler          [WEA
K] 
                                                            ; UTICK timer
  207 0000001C                 EXPORT           PIO0_9_IRQHandler            [W
EAK] 
                                                            ; Multi-Rate Timer
  208 0000001C                 EXPORT           PIO0_10_IRQHandler         [WEA
K] 



ARM Macro Assembler    Page 6 


                                                            ; CT32B0
  209 0000001C                 EXPORT           RFFIELD_IRQHandler         [WEA
K] 
                                                            ; CT32B1
  210 0000001C                 EXPORT           RTCPWREQ_IRQHandler           [
WEAK] 
                                                            ; Smart Counter Tim
                                                            er
  211 0000001C                 EXPORT           NFC_IRQHandler         [WEAK] 
                                                            ; CT32B3
  212 0000001C                 EXPORT           RTC_IRQHandler      [WEAK] 
                                                            ; FLEXCOMM0
  213 0000001C                 EXPORT           I2C0_IRQHandler      [WEAK] 
                                                            ; FLEXCOMM1
  214 0000001C                 EXPORT           CT16B0_IRQHandler      [WEAK] 
                                                            ; FLEXCOMM2
  215 0000001C                 EXPORT           PMUFLD_IRQHandler      [WEAK] 
                                                            ; FLEXCOMM3
  216 0000001C                 EXPORT           CT32B0_IRQHandler      [WEAK] 
                                                            ; FLEXCOMM4
  217 0000001C                 EXPORT           PMUBOD_IRQHandler      [WEAK] 
                                                            ; FLEXCOMM5
  218 0000001C                 EXPORT           SSP0_IRQHandler      [WEAK] 
                                                            ; FLEXCOMM6
  219 0000001C                 EXPORT           TSEN_IRQHandler      [WEAK] 
                                                            ; FLEXCOMM7
  220 0000001C                 EXPORT           C2D_IRQHandler       [WEAK] ; A
                                                            DC0 A sequence (A/D
                                                             Converter) interru
                                                            pt
  221 0000001C                 EXPORT           I2D_IRQHandler      [WEAK] ; AD
                                                            C THCMP and OVERRUN
                                                             ORed
  222 0000001C                 EXPORT           ADC_IRQHandler           [WEAK]
 
                                                            ; Digital MIC
  223 0000001C                 EXPORT           WDT_IRQHandler          [WEAK] 
                                                            ; Voice Activity de
                                                            tect
  224 0000001C                 EXPORT           FLASH_IRQHandler    [WEAK] 
                                                            ; USB NeedCLK
  225 0000001C                 EXPORT           EEPROM_IRQHandler            [W
EAK] 
                                                            ; USB
  226 0000001C                 EXPORT           PIO0_IRQHandler        [WEAK] 
                                                            ; Mailbox
  227 0000001C         
  228 0000001C         PIO0_0_IRQHandler                    ; Watchdog Ored wit
                                                            h BOD
  229 0000001C         PIO0_1_IRQHandler                    ; DMA Controller
  230 0000001C         PIO0_2_IRQHandler                    ; GPIO Group0 Inter
                                                            rupt
  231 0000001C         PIO0_3_IRQHandler                    ; GPIO Group1 Inter
                                                            rupt
  232 0000001C         PIO0_4_IRQHandler                    ; PIO INT0
  233 0000001C         PIO0_5_IRQHandler                    ; PIO INT1
  234 0000001C         PIO0_6_IRQHandler                    ; PIO INT2
  235 0000001C         PIO0_7_IRQHandler                    ; PIO INT3
  236 0000001C         PIO0_8_IRQHandler                    ; UTICK timer



ARM Macro Assembler    Page 7 


  237 0000001C         PIO0_9_IRQHandler                    ; Multi-Rate Timer
  238 0000001C         PIO0_10_IRQHandler                   ; CT32B0
  239 0000001C         RFFIELD_IRQHandler                   ; CT32B1
  240 0000001C         RTCPWREQ_IRQHandler                  ; Smart Counter Tim
                                                            er
  241 0000001C         NFC_IRQHandler                       ; CT32B3
  242 0000001C         RTC_IRQHandler                       ; FLEXCOMM0
  243 0000001C         I2C0_IRQHandler                      ; FLEXCOMM1
  244 0000001C         CT16B0_IRQHandler                    ; FLEXCOMM2
  245 0000001C         PMUFLD_IRQHandler                    ; FLEXCOMM3
  246 0000001C         CT32B0_IRQHandler                    ; FLEXCOMM4
  247 0000001C         PMUBOD_IRQHandler                    ; FLEXCOMM5
  248 0000001C         SSP0_IRQHandler                      ; FLEXCOMM6
  249 0000001C         TSEN_IRQHandler                      ; FLEXCOMM7
  250 0000001C         C2D_IRQHandler                       ; ADC0 A sequence (
                                                            A/D Converter) inte
                                                            rrupt
  251 0000001C         I2D_IRQHandler                       ; ADC0 B sequence (
                                                            A/D Converter) inte
                                                            rrupt
  252 0000001C         ADC_IRQHandler                       ; ADC THCMP and OVE
                                                            RRUN ORed
  253 0000001C         WDT_IRQHandler                       ; Digital MIC
  254 0000001C         FLASH_IRQHandler                     ; Voice Activity de
                                                            tect
  255 0000001C         EEPROM_IRQHandler                    ; USB NeedCLK
  256 0000001C         PIO0_IRQHandler                      ; USB
  257 0000001C         
  258 0000001C E7FE            B                .
  259 0000001E         
  260 0000001E                 ENDP
  261 0000001E         
  262 0000001E         
  263 0000001E 00 00           ALIGN
  264 00000020         
  265 00000020         
  266 00000020         ; User Initial Stack & Heap
  267 00000020         
  268 00000020                 IF               :DEF:__MICROLIB
  275 00000020         
  276 00000020                 IMPORT           __use_two_region_memory
  277 00000020                 EXPORT           __user_initial_stackheap
  278 00000020         __user_initial_stackheap
  279 00000020         
  280 00000020 4804            LDR              R0, =  Heap_Mem
  281 00000022 4905            LDR              R1, =(Stack_Mem + Stack_Size)
  282 00000024 4A05            LDR              R2, = (Heap_Mem +  Heap_Size)
  283 00000026 4B06            LDR              R3, = Stack_Mem
  284 00000028 4770            BX               LR
  285 0000002A         
  286 0000002A 00 00           ALIGN
  287 0000002C         
  288 0000002C                 ENDIF
  289 0000002C         
  290 0000002C         
  291 0000002C                 END
              00000000 
              00000000 
              00000000 



ARM Macro Assembler    Page 8 


              00000200 
              00000100 
              00000000 
Command Line: --debug --xref --diag_suppress=9931 --cpu=Cortex-M0+ --apcs=inter
work --depend=.\keil_output\keil_startup_lpc8nxx.d -o.\keil_output\keil_startup
_lpc8nxx.o -I.\RTE\_iflash_lpc8Nxx -ID:\Keil_v5\ARM\PACK\Keil\LPC8N04_DFP\1.0.0
\Device\Include -ID:\Keil_v5\ARM\CMSIS\Include --predefine="__UVISION_VERSION S
ETA 523" --predefine="LPC8N04FHI24 SETA 1" --predefine="NO_CRP SETA 1" --list=.
\keil_output\keil_startup_lpc8nxx.lst ..\..\..\lib_chip_8Nxx\mods\startup\keil_
startup_lpc8Nxx.s



ARM Macro Assembler    Page 1 Alphabetic symbol ordering
Relocatable symbols

STACK 00000000

Symbol: STACK
   Definitions
      At line 38 in file ..\..\..\lib_chip_8Nxx\mods\startup\keil_startup_lpc8N
xx.s
   Uses
      None
Comment: STACK unused
Stack_Mem 00000000

Symbol: Stack_Mem
   Definitions
      At line 39 in file ..\..\..\lib_chip_8Nxx\mods\startup\keil_startup_lpc8N
xx.s
   Uses
      At line 281 in file ..\..\..\lib_chip_8Nxx\mods\startup\keil_startup_lpc8
Nxx.s
      At line 283 in file ..\..\..\lib_chip_8Nxx\mods\startup\keil_startup_lpc8
Nxx.s

__initial_sp 00000200

Symbol: __initial_sp
   Definitions
      At line 40 in file ..\..\..\lib_chip_8Nxx\mods\startup\keil_startup_lpc8N
xx.s
   Uses
      At line 61 in file ..\..\..\lib_chip_8Nxx\mods\startup\keil_startup_lpc8N
xx.s
Comment: __initial_sp used once
3 symbols



ARM Macro Assembler    Page 1 Alphabetic symbol ordering
Relocatable symbols

HEAP 00000000

Symbol: HEAP
   Definitions
      At line 49 in file ..\..\..\lib_chip_8Nxx\mods\startup\keil_startup_lpc8N
xx.s
   Uses
      None
Comment: HEAP unused
Heap_Mem 00000000

Symbol: Heap_Mem
   Definitions
      At line 51 in file ..\..\..\lib_chip_8Nxx\mods\startup\keil_startup_lpc8N
xx.s
   Uses
      At line 280 in file ..\..\..\lib_chip_8Nxx\mods\startup\keil_startup_lpc8
Nxx.s
      At line 282 in file ..\..\..\lib_chip_8Nxx\mods\startup\keil_startup_lpc8
Nxx.s

__heap_base 00000000

Symbol: __heap_base
   Definitions
      At line 50 in file ..\..\..\lib_chip_8Nxx\mods\startup\keil_startup_lpc8N
xx.s
   Uses
      None
Comment: __heap_base unused
__heap_limit 00000100

Symbol: __heap_limit
   Definitions
      At line 52 in file ..\..\..\lib_chip_8Nxx\mods\startup\keil_startup_lpc8N
xx.s
   Uses
      None
Comment: __heap_limit unused
4 symbols



ARM Macro Assembler    Page 1 Alphabetic symbol ordering
Relocatable symbols

RESET 00000000

Symbol: RESET
   Definitions
      At line 58 in file ..\..\..\lib_chip_8Nxx\mods\startup\keil_startup_lpc8N
xx.s
   Uses
      None
Comment: RESET unused
__Vectors 00000000

Symbol: __Vectors
   Definitions
      At line 61 in file ..\..\..\lib_chip_8Nxx\mods\startup\keil_startup_lpc8N
xx.s
   Uses
      At line 59 in file ..\..\..\lib_chip_8Nxx\mods\startup\keil_startup_lpc8N
xx.s
Comment: __Vectors used once
__vector_table_0x1c 0000001C

Symbol: __vector_table_0x1c
   Definitions
      At line 69 in file ..\..\..\lib_chip_8Nxx\mods\startup\keil_startup_lpc8N
xx.s
   Uses
      None
Comment: __vector_table_0x1c unused
3 symbols



ARM Macro Assembler    Page 1 Alphabetic symbol ordering
Relocatable symbols

.text 00000000

Symbol: .text
   Definitions
      At line 129 in file ..\..\..\lib_chip_8Nxx\mods\startup\keil_startup_lpc8
Nxx.s
   Uses
      None
Comment: .text unused
ADC_IRQHandler 0000001C

Symbol: ADC_IRQHandler
   Definitions
      At line 252 in file ..\..\..\lib_chip_8Nxx\mods\startup\keil_startup_lpc8
Nxx.s
   Uses
      At line 106 in file ..\..\..\lib_chip_8Nxx\mods\startup\keil_startup_lpc8
Nxx.s
      At line 222 in file ..\..\..\lib_chip_8Nxx\mods\startup\keil_startup_lpc8
Nxx.s

BusFault_Handler 00000010

Symbol: BusFault_Handler
   Definitions
      At line 167 in file ..\..\..\lib_chip_8Nxx\mods\startup\keil_startup_lpc8
Nxx.s
   Uses
      At line 67 in file ..\..\..\lib_chip_8Nxx\mods\startup\keil_startup_lpc8N
xx.s
      At line 168 in file ..\..\..\lib_chip_8Nxx\mods\startup\keil_startup_lpc8
Nxx.s

C2D_IRQHandler 0000001C

Symbol: C2D_IRQHandler
   Definitions
      At line 250 in file ..\..\..\lib_chip_8Nxx\mods\startup\keil_startup_lpc8
Nxx.s
   Uses
      At line 103 in file ..\..\..\lib_chip_8Nxx\mods\startup\keil_startup_lpc8
Nxx.s
      At line 220 in file ..\..\..\lib_chip_8Nxx\mods\startup\keil_startup_lpc8
Nxx.s

CT16B0_IRQHandler 0000001C

Symbol: CT16B0_IRQHandler
   Definitions
      At line 244 in file ..\..\..\lib_chip_8Nxx\mods\startup\keil_startup_lpc8
Nxx.s
   Uses
      At line 97 in file ..\..\..\lib_chip_8Nxx\mods\startup\keil_startup_lpc8N
xx.s
      At line 214 in file ..\..\..\lib_chip_8Nxx\mods\startup\keil_startup_lpc8
Nxx.s

CT32B0_IRQHandler 0000001C




ARM Macro Assembler    Page 2 Alphabetic symbol ordering
Relocatable symbols

Symbol: CT32B0_IRQHandler
   Definitions
      At line 246 in file ..\..\..\lib_chip_8Nxx\mods\startup\keil_startup_lpc8
Nxx.s
   Uses
      At line 99 in file ..\..\..\lib_chip_8Nxx\mods\startup\keil_startup_lpc8N
xx.s
      At line 216 in file ..\..\..\lib_chip_8Nxx\mods\startup\keil_startup_lpc8
Nxx.s

DebugMon_Handler 00000016

Symbol: DebugMon_Handler
   Definitions
      At line 182 in file ..\..\..\lib_chip_8Nxx\mods\startup\keil_startup_lpc8
Nxx.s
   Uses
      At line 75 in file ..\..\..\lib_chip_8Nxx\mods\startup\keil_startup_lpc8N
xx.s
      At line 183 in file ..\..\..\lib_chip_8Nxx\mods\startup\keil_startup_lpc8
Nxx.s

Default_Handler 0000001C

Symbol: Default_Handler
   Definitions
      At line 197 in file ..\..\..\lib_chip_8Nxx\mods\startup\keil_startup_lpc8
Nxx.s
   Uses
      None
Comment: Default_Handler unused
EEPROM_IRQHandler 0000001C

Symbol: EEPROM_IRQHandler
   Definitions
      At line 255 in file ..\..\..\lib_chip_8Nxx\mods\startup\keil_startup_lpc8
Nxx.s
   Uses
      At line 109 in file ..\..\..\lib_chip_8Nxx\mods\startup\keil_startup_lpc8
Nxx.s
      At line 225 in file ..\..\..\lib_chip_8Nxx\mods\startup\keil_startup_lpc8
Nxx.s

FLASH_IRQHandler 0000001C

Symbol: FLASH_IRQHandler
   Definitions
      At line 254 in file ..\..\..\lib_chip_8Nxx\mods\startup\keil_startup_lpc8
Nxx.s
   Uses
      At line 108 in file ..\..\..\lib_chip_8Nxx\mods\startup\keil_startup_lpc8
Nxx.s
      At line 224 in file ..\..\..\lib_chip_8Nxx\mods\startup\keil_startup_lpc8
Nxx.s

HardFault_Handler 0000000C

Symbol: HardFault_Handler
   Definitions



ARM Macro Assembler    Page 3 Alphabetic symbol ordering
Relocatable symbols

      At line 157 in file ..\..\..\lib_chip_8Nxx\mods\startup\keil_startup_lpc8
Nxx.s
   Uses
      At line 65 in file ..\..\..\lib_chip_8Nxx\mods\startup\keil_startup_lpc8N
xx.s
      At line 158 in file ..\..\..\lib_chip_8Nxx\mods\startup\keil_startup_lpc8
Nxx.s

I2C0_IRQHandler 0000001C

Symbol: I2C0_IRQHandler
   Definitions
      At line 243 in file ..\..\..\lib_chip_8Nxx\mods\startup\keil_startup_lpc8
Nxx.s
   Uses
      At line 96 in file ..\..\..\lib_chip_8Nxx\mods\startup\keil_startup_lpc8N
xx.s
      At line 213 in file ..\..\..\lib_chip_8Nxx\mods\startup\keil_startup_lpc8
Nxx.s

I2D_IRQHandler 0000001C

Symbol: I2D_IRQHandler
   Definitions
      At line 251 in file ..\..\..\lib_chip_8Nxx\mods\startup\keil_startup_lpc8
Nxx.s
   Uses
      At line 105 in file ..\..\..\lib_chip_8Nxx\mods\startup\keil_startup_lpc8
Nxx.s
      At line 221 in file ..\..\..\lib_chip_8Nxx\mods\startup\keil_startup_lpc8
Nxx.s

MemManage_Handler 0000000E

Symbol: MemManage_Handler
   Definitions
      At line 162 in file ..\..\..\lib_chip_8Nxx\mods\startup\keil_startup_lpc8
Nxx.s
   Uses
      At line 66 in file ..\..\..\lib_chip_8Nxx\mods\startup\keil_startup_lpc8N
xx.s
      At line 163 in file ..\..\..\lib_chip_8Nxx\mods\startup\keil_startup_lpc8
Nxx.s

NFC_IRQHandler 0000001C

Symbol: NFC_IRQHandler
   Definitions
      At line 241 in file ..\..\..\lib_chip_8Nxx\mods\startup\keil_startup_lpc8
Nxx.s
   Uses
      At line 94 in file ..\..\..\lib_chip_8Nxx\mods\startup\keil_startup_lpc8N
xx.s
      At line 211 in file ..\..\..\lib_chip_8Nxx\mods\startup\keil_startup_lpc8
Nxx.s

NMI_Handler 0000000A

Symbol: NMI_Handler



ARM Macro Assembler    Page 4 Alphabetic symbol ordering
Relocatable symbols

   Definitions
      At line 151 in file ..\..\..\lib_chip_8Nxx\mods\startup\keil_startup_lpc8
Nxx.s
   Uses
      At line 64 in file ..\..\..\lib_chip_8Nxx\mods\startup\keil_startup_lpc8N
xx.s
      At line 152 in file ..\..\..\lib_chip_8Nxx\mods\startup\keil_startup_lpc8
Nxx.s

PIO0_0_IRQHandler 0000001C

Symbol: PIO0_0_IRQHandler
   Definitions
      At line 228 in file ..\..\..\lib_chip_8Nxx\mods\startup\keil_startup_lpc8
Nxx.s
   Uses
      At line 81 in file ..\..\..\lib_chip_8Nxx\mods\startup\keil_startup_lpc8N
xx.s
      At line 198 in file ..\..\..\lib_chip_8Nxx\mods\startup\keil_startup_lpc8
Nxx.s

PIO0_10_IRQHandler 0000001C

Symbol: PIO0_10_IRQHandler
   Definitions
      At line 238 in file ..\..\..\lib_chip_8Nxx\mods\startup\keil_startup_lpc8
Nxx.s
   Uses
      At line 91 in file ..\..\..\lib_chip_8Nxx\mods\startup\keil_startup_lpc8N
xx.s
      At line 208 in file ..\..\..\lib_chip_8Nxx\mods\startup\keil_startup_lpc8
Nxx.s

PIO0_1_IRQHandler 0000001C

Symbol: PIO0_1_IRQHandler
   Definitions
      At line 229 in file ..\..\..\lib_chip_8Nxx\mods\startup\keil_startup_lpc8
Nxx.s
   Uses
      At line 82 in file ..\..\..\lib_chip_8Nxx\mods\startup\keil_startup_lpc8N
xx.s
      At line 199 in file ..\..\..\lib_chip_8Nxx\mods\startup\keil_startup_lpc8
Nxx.s

PIO0_2_IRQHandler 0000001C

Symbol: PIO0_2_IRQHandler
   Definitions
      At line 230 in file ..\..\..\lib_chip_8Nxx\mods\startup\keil_startup_lpc8
Nxx.s
   Uses
      At line 83 in file ..\..\..\lib_chip_8Nxx\mods\startup\keil_startup_lpc8N
xx.s
      At line 200 in file ..\..\..\lib_chip_8Nxx\mods\startup\keil_startup_lpc8
Nxx.s

PIO0_3_IRQHandler 0000001C




ARM Macro Assembler    Page 5 Alphabetic symbol ordering
Relocatable symbols

Symbol: PIO0_3_IRQHandler
   Definitions
      At line 231 in file ..\..\..\lib_chip_8Nxx\mods\startup\keil_startup_lpc8
Nxx.s
   Uses
      At line 84 in file ..\..\..\lib_chip_8Nxx\mods\startup\keil_startup_lpc8N
xx.s
      At line 201 in file ..\..\..\lib_chip_8Nxx\mods\startup\keil_startup_lpc8
Nxx.s

PIO0_4_IRQHandler 0000001C

Symbol: PIO0_4_IRQHandler
   Definitions
      At line 232 in file ..\..\..\lib_chip_8Nxx\mods\startup\keil_startup_lpc8
Nxx.s
   Uses
      At line 85 in file ..\..\..\lib_chip_8Nxx\mods\startup\keil_startup_lpc8N
xx.s
      At line 202 in file ..\..\..\lib_chip_8Nxx\mods\startup\keil_startup_lpc8
Nxx.s

PIO0_5_IRQHandler 0000001C

Symbol: PIO0_5_IRQHandler
   Definitions
      At line 233 in file ..\..\..\lib_chip_8Nxx\mods\startup\keil_startup_lpc8
Nxx.s
   Uses
      At line 86 in file ..\..\..\lib_chip_8Nxx\mods\startup\keil_startup_lpc8N
xx.s
      At line 203 in file ..\..\..\lib_chip_8Nxx\mods\startup\keil_startup_lpc8
Nxx.s

PIO0_6_IRQHandler 0000001C

Symbol: PIO0_6_IRQHandler
   Definitions
      At line 234 in file ..\..\..\lib_chip_8Nxx\mods\startup\keil_startup_lpc8
Nxx.s
   Uses
      At line 87 in file ..\..\..\lib_chip_8Nxx\mods\startup\keil_startup_lpc8N
xx.s
      At line 204 in file ..\..\..\lib_chip_8Nxx\mods\startup\keil_startup_lpc8
Nxx.s

PIO0_7_IRQHandler 0000001C

Symbol: PIO0_7_IRQHandler
   Definitions
      At line 235 in file ..\..\..\lib_chip_8Nxx\mods\startup\keil_startup_lpc8
Nxx.s
   Uses
      At line 88 in file ..\..\..\lib_chip_8Nxx\mods\startup\keil_startup_lpc8N
xx.s
      At line 205 in file ..\..\..\lib_chip_8Nxx\mods\startup\keil_startup_lpc8
Nxx.s

PIO0_8_IRQHandler 0000001C



ARM Macro Assembler    Page 6 Alphabetic symbol ordering
Relocatable symbols


Symbol: PIO0_8_IRQHandler
   Definitions
      At line 236 in file ..\..\..\lib_chip_8Nxx\mods\startup\keil_startup_lpc8
Nxx.s
   Uses
      At line 89 in file ..\..\..\lib_chip_8Nxx\mods\startup\keil_startup_lpc8N
xx.s
      At line 206 in file ..\..\..\lib_chip_8Nxx\mods\startup\keil_startup_lpc8
Nxx.s

PIO0_9_IRQHandler 0000001C

Symbol: PIO0_9_IRQHandler
   Definitions
      At line 237 in file ..\..\..\lib_chip_8Nxx\mods\startup\keil_startup_lpc8
Nxx.s
   Uses
      At line 90 in file ..\..\..\lib_chip_8Nxx\mods\startup\keil_startup_lpc8N
xx.s
      At line 207 in file ..\..\..\lib_chip_8Nxx\mods\startup\keil_startup_lpc8
Nxx.s

PIO0_IRQHandler 0000001C

Symbol: PIO0_IRQHandler
   Definitions
      At line 256 in file ..\..\..\lib_chip_8Nxx\mods\startup\keil_startup_lpc8
Nxx.s
   Uses
      At line 112 in file ..\..\..\lib_chip_8Nxx\mods\startup\keil_startup_lpc8
Nxx.s
      At line 226 in file ..\..\..\lib_chip_8Nxx\mods\startup\keil_startup_lpc8
Nxx.s

PMUBOD_IRQHandler 0000001C

Symbol: PMUBOD_IRQHandler
   Definitions
      At line 247 in file ..\..\..\lib_chip_8Nxx\mods\startup\keil_startup_lpc8
Nxx.s
   Uses
      At line 100 in file ..\..\..\lib_chip_8Nxx\mods\startup\keil_startup_lpc8
Nxx.s
      At line 217 in file ..\..\..\lib_chip_8Nxx\mods\startup\keil_startup_lpc8
Nxx.s

PMUFLD_IRQHandler 0000001C

Symbol: PMUFLD_IRQHandler
   Definitions
      At line 245 in file ..\..\..\lib_chip_8Nxx\mods\startup\keil_startup_lpc8
Nxx.s
   Uses
      At line 98 in file ..\..\..\lib_chip_8Nxx\mods\startup\keil_startup_lpc8N
xx.s
      At line 215 in file ..\..\..\lib_chip_8Nxx\mods\startup\keil_startup_lpc8
Nxx.s




ARM Macro Assembler    Page 7 Alphabetic symbol ordering
Relocatable symbols

PendSV_Handler 00000018

Symbol: PendSV_Handler
   Definitions
      At line 187 in file ..\..\..\lib_chip_8Nxx\mods\startup\keil_startup_lpc8
Nxx.s
   Uses
      At line 77 in file ..\..\..\lib_chip_8Nxx\mods\startup\keil_startup_lpc8N
xx.s
      At line 188 in file ..\..\..\lib_chip_8Nxx\mods\startup\keil_startup_lpc8
Nxx.s

RFFIELD_IRQHandler 0000001C

Symbol: RFFIELD_IRQHandler
   Definitions
      At line 239 in file ..\..\..\lib_chip_8Nxx\mods\startup\keil_startup_lpc8
Nxx.s
   Uses
      At line 92 in file ..\..\..\lib_chip_8Nxx\mods\startup\keil_startup_lpc8N
xx.s
      At line 209 in file ..\..\..\lib_chip_8Nxx\mods\startup\keil_startup_lpc8
Nxx.s

RTCPWREQ_IRQHandler 0000001C

Symbol: RTCPWREQ_IRQHandler
   Definitions
      At line 240 in file ..\..\..\lib_chip_8Nxx\mods\startup\keil_startup_lpc8
Nxx.s
   Uses
      At line 93 in file ..\..\..\lib_chip_8Nxx\mods\startup\keil_startup_lpc8N
xx.s
      At line 210 in file ..\..\..\lib_chip_8Nxx\mods\startup\keil_startup_lpc8
Nxx.s

RTC_IRQHandler 0000001C

Symbol: RTC_IRQHandler
   Definitions
      At line 242 in file ..\..\..\lib_chip_8Nxx\mods\startup\keil_startup_lpc8
Nxx.s
   Uses
      At line 95 in file ..\..\..\lib_chip_8Nxx\mods\startup\keil_startup_lpc8N
xx.s
      At line 212 in file ..\..\..\lib_chip_8Nxx\mods\startup\keil_startup_lpc8
Nxx.s

Reset_Handler 00000000

Symbol: Reset_Handler
   Definitions
      At line 133 in file ..\..\..\lib_chip_8Nxx\mods\startup\keil_startup_lpc8
Nxx.s
   Uses
      At line 62 in file ..\..\..\lib_chip_8Nxx\mods\startup\keil_startup_lpc8N
xx.s
      At line 134 in file ..\..\..\lib_chip_8Nxx\mods\startup\keil_startup_lpc8
Nxx.s



ARM Macro Assembler    Page 8 Alphabetic symbol ordering
Relocatable symbols


SSP0_IRQHandler 0000001C

Symbol: SSP0_IRQHandler
   Definitions
      At line 248 in file ..\..\..\lib_chip_8Nxx\mods\startup\keil_startup_lpc8
Nxx.s
   Uses
      At line 101 in file ..\..\..\lib_chip_8Nxx\mods\startup\keil_startup_lpc8
Nxx.s
      At line 218 in file ..\..\..\lib_chip_8Nxx\mods\startup\keil_startup_lpc8
Nxx.s

SVC_Handler 00000014

Symbol: SVC_Handler
   Definitions
      At line 177 in file ..\..\..\lib_chip_8Nxx\mods\startup\keil_startup_lpc8
Nxx.s
   Uses
      At line 74 in file ..\..\..\lib_chip_8Nxx\mods\startup\keil_startup_lpc8N
xx.s
      At line 178 in file ..\..\..\lib_chip_8Nxx\mods\startup\keil_startup_lpc8
Nxx.s

SysTick_Handler 0000001A

Symbol: SysTick_Handler
   Definitions
      At line 192 in file ..\..\..\lib_chip_8Nxx\mods\startup\keil_startup_lpc8
Nxx.s
   Uses
      At line 78 in file ..\..\..\lib_chip_8Nxx\mods\startup\keil_startup_lpc8N
xx.s
      At line 193 in file ..\..\..\lib_chip_8Nxx\mods\startup\keil_startup_lpc8
Nxx.s

SystemInit 00000008

Symbol: SystemInit
   Definitions
      At line 145 in file ..\..\..\lib_chip_8Nxx\mods\startup\keil_startup_lpc8
Nxx.s
   Uses
      At line 135 in file ..\..\..\lib_chip_8Nxx\mods\startup\keil_startup_lpc8
Nxx.s
      At line 138 in file ..\..\..\lib_chip_8Nxx\mods\startup\keil_startup_lpc8
Nxx.s
      At line 146 in file ..\..\..\lib_chip_8Nxx\mods\startup\keil_startup_lpc8
Nxx.s

TSEN_IRQHandler 0000001C

Symbol: TSEN_IRQHandler
   Definitions
      At line 249 in file ..\..\..\lib_chip_8Nxx\mods\startup\keil_startup_lpc8
Nxx.s
   Uses
      At line 102 in file ..\..\..\lib_chip_8Nxx\mods\startup\keil_startup_lpc8



ARM Macro Assembler    Page 9 Alphabetic symbol ordering
Relocatable symbols

Nxx.s
      At line 219 in file ..\..\..\lib_chip_8Nxx\mods\startup\keil_startup_lpc8
Nxx.s

UsageFault_Handler 00000012

Symbol: UsageFault_Handler
   Definitions
      At line 172 in file ..\..\..\lib_chip_8Nxx\mods\startup\keil_startup_lpc8
Nxx.s
   Uses
      At line 68 in file ..\..\..\lib_chip_8Nxx\mods\startup\keil_startup_lpc8N
xx.s
      At line 173 in file ..\..\..\lib_chip_8Nxx\mods\startup\keil_startup_lpc8
Nxx.s

WDT_IRQHandler 0000001C

Symbol: WDT_IRQHandler
   Definitions
      At line 253 in file ..\..\..\lib_chip_8Nxx\mods\startup\keil_startup_lpc8
Nxx.s
   Uses
      At line 107 in file ..\..\..\lib_chip_8Nxx\mods\startup\keil_startup_lpc8
Nxx.s
      At line 223 in file ..\..\..\lib_chip_8Nxx\mods\startup\keil_startup_lpc8
Nxx.s

__user_initial_stackheap 00000020

Symbol: __user_initial_stackheap
   Definitions
      At line 278 in file ..\..\..\lib_chip_8Nxx\mods\startup\keil_startup_lpc8
Nxx.s
   Uses
      At line 277 in file ..\..\..\lib_chip_8Nxx\mods\startup\keil_startup_lpc8
Nxx.s
Comment: __user_initial_stackheap used once
43 symbols



ARM Macro Assembler    Page 1 Alphabetic symbol ordering
Absolute symbols

CRP_Level FFFFFFFF

Symbol: CRP_Level
   Definitions
      At line 122 in file ..\..\..\lib_chip_8Nxx\mods\startup\keil_startup_lpc8
Nxx.s
   Uses
      None
Comment: CRP_Level unused
Heap_Size 00000100

Symbol: Heap_Size
   Definitions
      At line 47 in file ..\..\..\lib_chip_8Nxx\mods\startup\keil_startup_lpc8N
xx.s
   Uses
      At line 51 in file ..\..\..\lib_chip_8Nxx\mods\startup\keil_startup_lpc8N
xx.s
      At line 282 in file ..\..\..\lib_chip_8Nxx\mods\startup\keil_startup_lpc8
Nxx.s

Stack_Size 00000200

Symbol: Stack_Size
   Definitions
      At line 36 in file ..\..\..\lib_chip_8Nxx\mods\startup\keil_startup_lpc8N
xx.s
   Uses
      At line 39 in file ..\..\..\lib_chip_8Nxx\mods\startup\keil_startup_lpc8N
xx.s
      At line 281 in file ..\..\..\lib_chip_8Nxx\mods\startup\keil_startup_lpc8
Nxx.s

3 symbols



ARM Macro Assembler    Page 1 Alphabetic symbol ordering
External symbols

__main 00000000

Symbol: __main
   Definitions
      At line 136 in file ..\..\..\lib_chip_8Nxx\mods\startup\keil_startup_lpc8
Nxx.s
   Uses
      At line 140 in file ..\..\..\lib_chip_8Nxx\mods\startup\keil_startup_lpc8
Nxx.s
Comment: __main used once
__use_two_region_memory 00000000

Symbol: __use_two_region_memory
   Definitions
      At line 276 in file ..\..\..\lib_chip_8Nxx\mods\startup\keil_startup_lpc8
Nxx.s
   Uses
      None
Comment: __use_two_region_memory unused
2 symbols
395 symbols in table
